<?xml version="1.0" encoding="UTF-8"?>
<testng-results ignored="0" total="1" passed="1" failed="0" skipped="0">
  <reporter-output>
  </reporter-output>
  <suite started-at="2023-10-20T12:18:04 IST" name="Default suite" finished-at="2023-10-20T12:18:49 IST" duration-ms="45165">
    <groups>
    </groups>
    <test started-at="2023-10-20T12:18:04 IST" name="Default test" finished-at="2023-10-20T12:18:49 IST" duration-ms="45165">
      <class name="amazonwebsite.TC_3_Add_to_Cart">
        <test-method is-config="true" signature="setup()[pri:0, instance:amazonwebsite.TC_3_Add_to_Cart@4b741d6d]" started-at="2023-10-20T12:18:04 IST" name="setup" finished-at="2023-10-20T12:18:13 IST" duration-ms="9137" status="PASS">
          <reporter-output>
          </reporter-output>
        </test-method> <!-- setup -->
        <test-method signature="Searchbox()[pri:0, instance:amazonwebsite.TC_3_Add_to_Cart@4b741d6d]" started-at="2023-10-20T12:18:13 IST" name="Searchbox" finished-at="2023-10-20T12:18:49 IST" duration-ms="35666" status="PASS">
          <reporter-output>
          </reporter-output>
        </test-method> <!-- Searchbox -->
        <test-method is-config="true" signature="tearDown()[pri:0, instance:amazonwebsite.TC_3_Add_to_Cart@4b741d6d]" started-at="2023-10-20T12:18:49 IST" name="tearDown" finished-at="2023-10-20T12:18:49 IST" duration-ms="305" status="PASS">
          <reporter-output>
          </reporter-output>
        </test-method> <!-- tearDown -->
      </class> <!-- amazonwebsite.TC_3_Add_to_Cart -->
    </test> <!-- Default test -->
  </suite> <!-- Default suite -->
</testng-results>
